<?xml version="1.0" encoding="UTF-8"?>
<!-- Generated by org.testng.reporters.JUnitXMLReporter -->
<testsuite hostname="LAPTOP-UCKVVCIT" ignored="6" name="Test" tests="1" failures="0" timestamp="17 May 2020 07:06:11 GMT" time="31.033" errors="0">
  <testcase name="dragAndDrop" time="21.533" classname="Actions.MixedActionsTest"/>
  <testcase name="rightClick" time="0.0" classname="Actions.MixedActionsTest">
    <ignored/>
  </testcase> <!-- rightClick -->
  <testcase name="slider" time="0.0" classname="Actions.MixedActionsTest">
    <ignored/>
  </testcase> <!-- slider -->
  <testcase name="scrollBar" time="0.0" classname="Actions.MixedActionsTest">
    <ignored/>
  </testcase> <!-- scrollBar -->
  <testcase name="resizable" time="0.0" classname="Actions.MixedActionsTest">
    <ignored/>
  </testcase> <!-- resizable -->
  <testcase name="moveToElement" time="0.0" classname="Actions.MixedActionsTest">
    <ignored/>
  </testcase> <!-- moveToElement -->
  <testcase name="autoSugestion" time="0.0" classname="Actions.MixedActionsTest">
    <ignored/>
  </testcase> <!-- autoSugestion -->
</testsuite> <!-- Test -->
