<?xml version="1.0" encoding="UTF-8"?>
<!-- Generated by org.testng.reporters.JUnitXMLReporter -->
<testsuite hostname="LAPTOP-UCKVVCIT" ignored="6" name="Default test" tests="1" failures="1" timestamp="16 May 2020 18:55:40 GMT" time="15.148" errors="0">
  <testcase name="autoSugestion" time="8.056" classname="Actions.MixedActionsTest">
    <failure type="java.lang.ClassCastException" message="org.openqa.selenium.remote.RemoteWebElement cannot be cast to java.util.List">
      <![CDATA[java.lang.ClassCastException: org.openqa.selenium.remote.RemoteWebElement cannot be cast to java.util.List
at Actions.MixedActionsTest.autoSugestion(MixedActionsTest.java:118)
at sun.reflect.NativeMethodAccessorImpl.invoke0(Native Method)
at sun.reflect.NativeMethodAccessorImpl.invoke(Unknown Source)
at sun.reflect.DelegatingMethodAccessorImpl.invoke(Unknown Source)
at java.lang.reflect.Method.invoke(Unknown Source)
at org.testng.internal.MethodInvocationHelper.invokeMethod(MethodInvocationHelper.java:124)
at org.testng.internal.Invoker.invokeMethod(Invoker.java:583)
at org.testng.internal.Invoker.invokeTestMethod(Invoker.java:719)
at org.testng.internal.Invoker.invokeTestMethods(Invoker.java:989)
at org.testng.internal.TestMethodWorker.invokeTestMethods(TestMethodWorker.java:125)
at org.testng.internal.TestMethodWorker.run(TestMethodWorker.java:109)
at org.testng.TestRunner.privateRun(TestRunner.java:648)
at org.testng.TestRunner.run(TestRunner.java:505)
at org.testng.SuiteRunner.runTest(SuiteRunner.java:455)
at org.testng.SuiteRunner.runSequentially(SuiteRunner.java:450)
at org.testng.SuiteRunner.privateRun(SuiteRunner.java:415)
at org.testng.SuiteRunner.run(SuiteRunner.java:364)
at org.testng.SuiteRunnerWorker.runSuite(SuiteRunnerWorker.java:52)
at org.testng.SuiteRunnerWorker.run(SuiteRunnerWorker.java:84)
at org.testng.TestNG.runSuitesSequentially(TestNG.java:1208)
at org.testng.TestNG.runSuitesLocally(TestNG.java:1137)
at org.testng.TestNG.runSuites(TestNG.java:1049)
at org.testng.TestNG.run(TestNG.java:1017)
at org.testng.remote.AbstractRemoteTestNG.run(AbstractRemoteTestNG.java:115)
at org.testng.remote.RemoteTestNG.initAndRun(RemoteTestNG.java:251)
at org.testng.remote.RemoteTestNG.main(RemoteTestNG.java:77)
]]>
    </failure>
  </testcase> <!-- autoSugestion -->
  <testcase name="rightClick" time="0.0" classname="Actions.MixedActionsTest">
    <ignored/>
  </testcase> <!-- rightClick -->
  <testcase name="slider" time="0.0" classname="Actions.MixedActionsTest">
    <ignored/>
  </testcase> <!-- slider -->
  <testcase name="dragAndDrop" time="0.0" classname="Actions.MixedActionsTest">
    <ignored/>
  </testcase> <!-- dragAndDrop -->
  <testcase name="scrollBar" time="0.0" classname="Actions.MixedActionsTest">
    <ignored/>
  </testcase> <!-- scrollBar -->
  <testcase name="resizable" time="0.0" classname="Actions.MixedActionsTest">
    <ignored/>
  </testcase> <!-- resizable -->
  <testcase name="moveToElement" time="0.0" classname="Actions.MixedActionsTest">
    <ignored/>
  </testcase> <!-- moveToElement -->
</testsuite> <!-- Default test -->
