<?xml version="1.0" encoding="UTF-8"?>
<!-- Generated by org.testng.reporters.JUnitXMLReporter -->
<testsuite hostname="LAPTOP-UCKVVCIT" ignored="4" name="Test" tests="3" failures="1" timestamp="27 Apr 2020 07:09:43 GMT" time="16.775" errors="0">
  <testcase name="amazon" time="3.283" classname="com.TestNG.TC_001"/>
  <testcase name="f" time="0.006" classname="com.TestNG.Sample2"/>
  <testcase name="f" time="0.024" classname="com.TestNG.Sample2">
    <failure type="org.openqa.selenium.NoSuchSessionException" message="Session ID is null. Using WebDriver after calling quit()?
Build info: version: &amp;apos;3.141.59&amp;apos;, revision: &amp;apos;e82be7d358&amp;apos;, time: &amp;apos;2018-11-14T08:17:03&amp;apos;
System info: host: &amp;apos;LAPTOP-UCKVVCIT&amp;apos;, ip: &amp;apos;192.168.0.106&amp;apos;, os.name: &amp;apos;Windows 10&amp;apos;, os.arch: &amp;apos;amd64&amp;apos;, os.version: &amp;apos;10.0&amp;apos;, java.version: &amp;apos;1.8.0_241&amp;apos;
Driver info: driver.version: RemoteWebDriver">
      <![CDATA[org.openqa.selenium.NoSuchSessionException: Session ID is null. Using WebDriver after calling quit()?
Build info: version: '3.141.59', revision: 'e82be7d358', time: '2018-11-14T08:17:03'
System info: host: 'LAPTOP-UCKVVCIT', ip: '192.168.0.106', os.name: 'Windows 10', os.arch: 'amd64', os.version: '10.0', java.version: '1.8.0_241'
Driver info: driver.version: RemoteWebDriver
at org.openqa.selenium.remote.HttpCommandExecutor.execute(HttpCommandExecutor.java:125)
at org.openqa.selenium.remote.service.DriverCommandExecutor.execute(DriverCommandExecutor.java:83)
at org.openqa.selenium.remote.RemoteWebDriver.execute(RemoteWebDriver.java:552)
at org.openqa.selenium.remote.RemoteWebDriver.execute(RemoteWebDriver.java:609)
at org.openqa.selenium.remote.RemoteWebDriver.getScreenshotAs(RemoteWebDriver.java:295)
at Listeners.Listener.onTestSuccess(Listener.java:49)
... Removed 22 stack frames]]>
    </failure>
  </testcase> <!-- f -->
  <testcase name="a" time="0.0" classname="com.TestNG.Sample1">
    <ignored/>
  </testcase> <!-- a -->
  <testcase name="c" time="0.0" classname="com.TestNG.Sample1">
    <ignored/>
  </testcase> <!-- c -->
  <testcase name="c" time="0.0" classname="com.TestNG.Sample2">
    <ignored/>
  </testcase> <!-- c -->
  <testcase name="b" time="0.0" classname="com.TestNG.Sample1">
    <ignored/>
  </testcase> <!-- b -->
</testsuite> <!-- Test -->
