<?xml version="1.0" encoding="UTF-8"?>
<testng-results skipped="0" failed="0" ignored="6" total="7" passed="1">
  <reporter-output>
    <line>
      <![CDATA[Test started Running:dragAndDrop]]>
    </line>
    <line>
      <![CDATA[<a href='C:\Users\prade\eclipse-workspace\covid19//SuccessScreenshots//Sun_May_17_12_35_40_IST_2020.png'> <img src='C:\Users\prade\eclipse-workspace\covid19//SuccessScreenshots//Sun_May_17_12_35_40_IST_2020.png' height='100' width='100'/> </a>]]>
    </line>
    <line>
      <![CDATA[Test has Success:dragAndDrop]]>
    </line>
  </reporter-output>
  <suite name="Suite" duration-ms="31033" started-at="2020-05-17T07:05:40Z" finished-at="2020-05-17T07:06:11Z">
    <groups>
    </groups>
    <test name="Test" duration-ms="31033" started-at="2020-05-17T07:05:40Z" finished-at="2020-05-17T07:06:11Z">
      <class name="Actions.MixedActionsTest">
        <test-method status="PASS" signature="beforeMethod()[pri:0, instance:Actions.MixedActionsTest@37e547da]" name="beforeMethod" is-config="true" duration-ms="7499" started-at="2020-05-17T07:05:40Z" finished-at="2020-05-17T07:05:48Z">
          <reporter-output>
          </reporter-output>
        </test-method> <!-- beforeMethod -->
        <test-method status="PASS" signature="dragAndDrop()[pri:1, instance:Actions.MixedActionsTest@37e547da]" name="dragAndDrop" duration-ms="21533" started-at="2020-05-17T07:05:48Z" finished-at="2020-05-17T07:06:09Z">
          <reporter-output>
            <line>
              <![CDATA[Test started Running:dragAndDrop]]>
            </line>
            <line>
              <![CDATA[<a href='C:\Users\prade\eclipse-workspace\covid19//SuccessScreenshots//Sun_May_17_12_35_40_IST_2020.png'> <img src='C:\Users\prade\eclipse-workspace\covid19//SuccessScreenshots//Sun_May_17_12_35_40_IST_2020.png' height='100' width='100'/> </a>]]>
            </line>
            <line>
              <![CDATA[Test has Success:dragAndDrop]]>
            </line>
          </reporter-output>
        </test-method> <!-- dragAndDrop -->
        <test-method status="PASS" signature="afterMethod()[pri:0, instance:Actions.MixedActionsTest@37e547da]" name="afterMethod" is-config="true" duration-ms="1001" started-at="2020-05-17T07:06:10Z" finished-at="2020-05-17T07:06:11Z">
          <reporter-output>
          </reporter-output>
        </test-method> <!-- afterMethod -->
      </class> <!-- Actions.MixedActionsTest -->
    </test> <!-- Test -->
  </suite> <!-- Suite -->
</testng-results>
