<?xml version="1.0" encoding="UTF-8"?>
<!-- Generated by org.testng.reporters.JUnitXMLReporter -->
<testsuite hostname="LAPTOP-UCKVVCIT" ignored="0" name="Default test" tests="2" failures="0" timestamp="08 Jun 2020 10:37:35 GMT" time="15.652" errors="0">
  <testcase name="loginTest" time="14.828" classname="com.project.SuiteA.LoginTest"/>
  <testcase name="loginTest" time="0.003" classname="com.project.SuiteA.LoginTest">
    <skipped/>
  </testcase> <!-- loginTest -->
</testsuite> <!-- Default test -->
